<?xml version="1.0" encoding="UTF-8"?>
<testsuite name="AppTest" tests="7" skipped="0" failures="0" errors="0" timestamp="2022-10-17T13:14:52" hostname="Mohameds-MacBook-Pro.local" time="0.041">
  <properties/>
  <testcase name="testEstTrie()" classname="AppTest" time="0.028"/>
  <testcase name="testMax()" classname="AppTest" time="0.003"/>
  <testcase name="testMin()" classname="AppTest" time="0.001"/>
  <testcase name="testSize()" classname="AppTest" time="0.001"/>
  <testcase name="testValeurs()" classname="AppTest" time="0.002"/>
  <testcase name="testContient()" classname="AppTest" time="0.001"/>
  <testcase name="testValeur()" classname="AppTest" time="0.001"/>
  <system-out><![CDATA[]]></system-out>
  <system-err><![CDATA[]]></system-err>
</testsuite>
